Excellent! Phase 4 is now complete. Let me provide a summary of what was implemented:

## Phase 4: GPU Parallel Simulation - Complete ✓

I've successfully implemented GPU-accelerated batch simulation for tau. Here's what was delivered:

### Key Components Implemented

1. **`tau-gpu` Crate** - New GPU acceleration module with:
   - GPU state buffer management (`gpu_state.rs`)
   - Batch simulator orchestration (`gpu_simulator.rs`)
   - WGSL compute shaders (`shaders.rs`)

2. **GPU State Management**:
   - Double-buffered state storage on GPU memory
   - Efficient CPU↔GPU data transfer with staging buffers
   - Batched state layout for parallel environments

3. **WGSL Compute Shaders**:
   - **ABA shader**: Simplified forward dynamics for revolute joints
   - **Integration shader**: Semi-implicit Euler integration
   - Proper memory alignment for GPU uniform buffers

4. **GpuSimulator**:
   - Initializes wgpu device and compute pipelines
   - Supports arbitrary number of parallel environments
   - Two-pass compute: dynamics → integration
   - Efficient workgroup dispatching with `div_ceil`

5. **Example & Tests**:
   - `parallel_pendula.rs`: Demonstrates 1000 parallel pendula simulation
   - `gpu_vs_cpu.rs`: Validates GPU output matches CPU for single/multiple steps
   - Batch consistency test ensures deterministic behavior

### Technical Highlights

- **Correct gravity handling**: Fixed sign convention to match ABA's base acceleration trick
- **Proper inertia calculation**: I_total = I_zz + m*(com.x² + com.y²) for revolute joints
- **GPU-friendly architecture**: Workgroup size 256, efficient memory coalescing
- **Validated accuracy**: GPU and CPU outputs agree to within 1e-4 for single steps, 1e-3 for 100 steps

### Verification

All tests pass ✓
- 3 GPU vs CPU validation tests
- Batch consistency test
- All workspace tests (31 total)
- Clippy clean (no warnings)
- Formatted correctly

The implementation successfully achieves the Phase 4 goal of GPU-accelerated batch simulation, ready to scale to 1000+ parallel environments. The architecture is modular and can be extended to support more complex multi-body systems in future phases.
